<?xml version="1.0" encoding="UTF-8"?>
<testsuite xmlns:xsi="http://www.w3.org/2001/XMLSchema-instance" xsi:noNamespaceSchemaLocation="https://maven.apache.org/surefire/maven-surefire-plugin/xsd/surefire-test-report.xsd" name="com.metageek.ssdh.account.model.UserCredentialTest" time="0.593" tests="8" errors="0" skipped="0" failures="0">
  <properties>
    <property name="gopherProxySet" value="false"/>
    <property name="awt.toolkit" value="sun.lwawt.macosx.LWCToolkit"/>
    <property name="file.encoding.pkg" value="sun.io"/>
    <property name="java.specification.version" value="1.8"/>
    <property name="sun.cpu.isalist" value=""/>
    <property name="sun.jnu.encoding" value="UTF-8"/>
    <property name="java.class.path" value="/Users/davewolf/Development/projects/ssdh-account/target/test-classes:/Users/davewolf/Development/projects/ssdh-account/target/classes:/Users/davewolf/.m2/repository/com/amazonaws/serverless/aws-serverless-java-container-jersey/1.0/aws-serverless-java-container-jersey-1.0.jar:/Users/davewolf/.m2/repository/com/amazonaws/serverless/aws-serverless-java-container-core/1.0/aws-serverless-java-container-core-1.0.jar:/Users/davewolf/.m2/repository/javax/servlet/javax.servlet-api/3.1.0/javax.servlet-api-3.1.0.jar:/Users/davewolf/.m2/repository/javax/ws/rs/javax.ws.rs-api/2.1/javax.ws.rs-api-2.1.jar:/Users/davewolf/.m2/repository/commons-fileupload/commons-fileupload/1.3.3/commons-fileupload-1.3.3.jar:/Users/davewolf/.m2/repository/commons-io/commons-io/2.2/commons-io-2.2.jar:/Users/davewolf/.m2/repository/org/glassfish/jersey/core/jersey-server/2.26/jersey-server-2.26.jar:/Users/davewolf/.m2/repository/org/glassfish/jersey/core/jersey-client/2.26/jersey-client-2.26.jar:/Users/davewolf/.m2/repository/org/glassfish/jersey/media/jersey-media-jaxb/2.26/jersey-media-jaxb-2.26.jar:/Users/davewolf/.m2/repository/javax/annotation/javax.annotation-api/1.2/javax.annotation-api-1.2.jar:/Users/davewolf/.m2/repository/org/glassfish/hk2/external/javax.inject/2.5.0-b42/javax.inject-2.5.0-b42.jar:/Users/davewolf/.m2/repository/org/slf4j/slf4j-api/1.7.25/slf4j-api-1.7.25.jar:/Users/davewolf/.m2/repository/org/glassfish/jersey/media/jersey-media-json-jackson/2.26/jersey-media-json-jackson-2.26.jar:/Users/davewolf/.m2/repository/org/glassfish/jersey/core/jersey-common/2.26/jersey-common-2.26.jar:/Users/davewolf/.m2/repository/org/glassfish/hk2/osgi-resource-locator/1.0.1/osgi-resource-locator-1.0.1.jar:/Users/davewolf/.m2/repository/org/glassfish/jersey/ext/jersey-entity-filtering/2.26/jersey-entity-filtering-2.26.jar:/Users/davewolf/.m2/repository/com/fasterxml/jackson/core/jackson-annotations/2.8.4/jackson-annotations-2.8.4.jar:/Users/davewolf/.m2/repository/com/fasterxml/jackson/module/jackson-module-jaxb-annotations/2.8.4/jackson-module-jaxb-annotations-2.8.4.jar:/Users/davewolf/.m2/repository/org/glassfish/jersey/inject/jersey-hk2/2.26/jersey-hk2-2.26.jar:/Users/davewolf/.m2/repository/org/glassfish/hk2/hk2-locator/2.5.0-b42/hk2-locator-2.5.0-b42.jar:/Users/davewolf/.m2/repository/org/javassist/javassist/3.22.0-CR2/javassist-3.22.0-CR2.jar:/Users/davewolf/.m2/repository/org/glassfish/hk2/hk2-api/2.5.0-b42/hk2-api-2.5.0-b42.jar:/Users/davewolf/.m2/repository/org/glassfish/hk2/hk2-utils/2.5.0-b42/hk2-utils-2.5.0-b42.jar:/Users/davewolf/.m2/repository/org/glassfish/hk2/external/aopalliance-repackaged/2.5.0-b42/aopalliance-repackaged-2.5.0-b42.jar:/Users/davewolf/.m2/repository/com/amazonaws/aws-lambda-java-events/1.3.0/aws-lambda-java-events-1.3.0.jar:/Users/davewolf/.m2/repository/com/amazonaws/aws-java-sdk-s3/1.11.338/aws-java-sdk-s3-1.11.338.jar:/Users/davewolf/.m2/repository/com/amazonaws/aws-java-sdk-kms/1.11.338/aws-java-sdk-kms-1.11.338.jar:/Users/davewolf/.m2/repository/com/amazonaws/aws-java-sdk-core/1.11.338/aws-java-sdk-core-1.11.338.jar:/Users/davewolf/.m2/repository/commons-logging/commons-logging/1.1.3/commons-logging-1.1.3.jar:/Users/davewolf/.m2/repository/org/apache/httpcomponents/httpclient/4.5.5/httpclient-4.5.5.jar:/Users/davewolf/.m2/repository/org/apache/httpcomponents/httpcore/4.4.9/httpcore-4.4.9.jar:/Users/davewolf/.m2/repository/commons-codec/commons-codec/1.10/commons-codec-1.10.jar:/Users/davewolf/.m2/repository/software/amazon/ion/ion-java/1.0.2/ion-java-1.0.2.jar:/Users/davewolf/.m2/repository/com/fasterxml/jackson/dataformat/jackson-dataformat-cbor/2.6.7/jackson-dataformat-cbor-2.6.7.jar:/Users/davewolf/.m2/repository/joda-time/joda-time/2.8.1/joda-time-2.8.1.jar:/Users/davewolf/.m2/repository/com/amazonaws/jmespath-java/1.11.338/jmespath-java-1.11.338.jar:/Users/davewolf/.m2/repository/com/amazonaws/aws-java-sdk-sns/1.11.338/aws-java-sdk-sns-1.11.338.jar:/Users/davewolf/.m2/repository/com/amazonaws/aws-java-sdk-sqs/1.11.338/aws-java-sdk-sqs-1.11.338.jar:/Users/davewolf/.m2/repository/com/amazonaws/aws-java-sdk-cognitoidentity/1.11.338/aws-java-sdk-cognitoidentity-1.11.338.jar:/Users/davewolf/.m2/repository/com/amazonaws/aws-java-sdk-kinesis/1.11.338/aws-java-sdk-kinesis-1.11.338.jar:/Users/davewolf/.m2/repository/com/amazonaws/aws-java-sdk-dynamodb/1.11.338/aws-java-sdk-dynamodb-1.11.338.jar:/Users/davewolf/.m2/repository/com/amazonaws/aws-lambda-java-core/1.2.0/aws-lambda-java-core-1.2.0.jar:/Users/davewolf/.m2/repository/org/hibernate/validator/hibernate-validator/6.0.5.Final/hibernate-validator-6.0.5.Final.jar:/Users/davewolf/.m2/repository/javax/validation/validation-api/2.0.0.Final/validation-api-2.0.0.Final.jar:/Users/davewolf/.m2/repository/org/jboss/logging/jboss-logging/3.3.0.Final/jboss-logging-3.3.0.Final.jar:/Users/davewolf/.m2/repository/com/fasterxml/classmate/1.3.1/classmate-1.3.1.jar:/Users/davewolf/.m2/repository/org/glassfish/javax.el/3.0.1-b09/javax.el-3.0.1-b09.jar:/Users/davewolf/.m2/repository/org/hibernate/validator/hibernate-validator-cdi/6.0.10.Final/hibernate-validator-cdi-6.0.10.Final.jar:/Users/davewolf/.m2/repository/com/fasterxml/jackson/core/jackson-databind/2.9.4/jackson-databind-2.9.4.jar:/Users/davewolf/.m2/repository/com/fasterxml/jackson/core/jackson-core/2.9.4/jackson-core-2.9.4.jar:/Users/davewolf/.m2/repository/junit/junit/4.12/junit-4.12.jar:/Users/davewolf/.m2/repository/org/hamcrest/hamcrest-core/1.3/hamcrest-core-1.3.jar:/Users/davewolf/.m2/repository/org/hamcrest/hamcrest-library/1.3/hamcrest-library-1.3.jar:/Users/davewolf/.m2/repository/org/projectlombok/lombok/1.16.18/lombok-1.16.18.jar:"/>
    <property name="java.vm.vendor" value="Oracle Corporation"/>
    <property name="sun.arch.data.model" value="64"/>
    <property name="java.vendor.url" value="http://java.oracle.com/"/>
    <property name="user.timezone" value="America/Denver"/>
    <property name="java.vm.specification.version" value="1.8"/>
    <property name="os.name" value="Mac OS X"/>
    <property name="user.country" value="US"/>
    <property name="sun.java.launcher" value="SUN_STANDARD"/>
    <property name="sun.boot.library.path" value="/Library/Java/JavaVirtualMachines/jdk1.8.0_162.jdk/Contents/Home/jre/lib"/>
    <property name="sun.java.command" value="/Users/davewolf/Development/projects/ssdh-account/target/surefire/surefirebooter7228721613172585652.jar /Users/davewolf/Development/projects/ssdh-account/target/surefire 2018-05-31T21-31-03_133-jvmRun1 surefire6222201900534663511tmp surefire_0895473216970342652tmp"/>
    <property name="http.nonProxyHosts" value="local|*.local|169.254/16|*.169.254/16"/>
    <property name="surefire.test.class.path" value="/Users/davewolf/Development/projects/ssdh-account/target/test-classes:/Users/davewolf/Development/projects/ssdh-account/target/classes:/Users/davewolf/.m2/repository/com/amazonaws/serverless/aws-serverless-java-container-jersey/1.0/aws-serverless-java-container-jersey-1.0.jar:/Users/davewolf/.m2/repository/com/amazonaws/serverless/aws-serverless-java-container-core/1.0/aws-serverless-java-container-core-1.0.jar:/Users/davewolf/.m2/repository/javax/servlet/javax.servlet-api/3.1.0/javax.servlet-api-3.1.0.jar:/Users/davewolf/.m2/repository/javax/ws/rs/javax.ws.rs-api/2.1/javax.ws.rs-api-2.1.jar:/Users/davewolf/.m2/repository/commons-fileupload/commons-fileupload/1.3.3/commons-fileupload-1.3.3.jar:/Users/davewolf/.m2/repository/commons-io/commons-io/2.2/commons-io-2.2.jar:/Users/davewolf/.m2/repository/org/glassfish/jersey/core/jersey-server/2.26/jersey-server-2.26.jar:/Users/davewolf/.m2/repository/org/glassfish/jersey/core/jersey-client/2.26/jersey-client-2.26.jar:/Users/davewolf/.m2/repository/org/glassfish/jersey/media/jersey-media-jaxb/2.26/jersey-media-jaxb-2.26.jar:/Users/davewolf/.m2/repository/javax/annotation/javax.annotation-api/1.2/javax.annotation-api-1.2.jar:/Users/davewolf/.m2/repository/org/glassfish/hk2/external/javax.inject/2.5.0-b42/javax.inject-2.5.0-b42.jar:/Users/davewolf/.m2/repository/org/slf4j/slf4j-api/1.7.25/slf4j-api-1.7.25.jar:/Users/davewolf/.m2/repository/org/glassfish/jersey/media/jersey-media-json-jackson/2.26/jersey-media-json-jackson-2.26.jar:/Users/davewolf/.m2/repository/org/glassfish/jersey/core/jersey-common/2.26/jersey-common-2.26.jar:/Users/davewolf/.m2/repository/org/glassfish/hk2/osgi-resource-locator/1.0.1/osgi-resource-locator-1.0.1.jar:/Users/davewolf/.m2/repository/org/glassfish/jersey/ext/jersey-entity-filtering/2.26/jersey-entity-filtering-2.26.jar:/Users/davewolf/.m2/repository/com/fasterxml/jackson/core/jackson-annotations/2.8.4/jackson-annotations-2.8.4.jar:/Users/davewolf/.m2/repository/com/fasterxml/jackson/module/jackson-module-jaxb-annotations/2.8.4/jackson-module-jaxb-annotations-2.8.4.jar:/Users/davewolf/.m2/repository/org/glassfish/jersey/inject/jersey-hk2/2.26/jersey-hk2-2.26.jar:/Users/davewolf/.m2/repository/org/glassfish/hk2/hk2-locator/2.5.0-b42/hk2-locator-2.5.0-b42.jar:/Users/davewolf/.m2/repository/org/javassist/javassist/3.22.0-CR2/javassist-3.22.0-CR2.jar:/Users/davewolf/.m2/repository/org/glassfish/hk2/hk2-api/2.5.0-b42/hk2-api-2.5.0-b42.jar:/Users/davewolf/.m2/repository/org/glassfish/hk2/hk2-utils/2.5.0-b42/hk2-utils-2.5.0-b42.jar:/Users/davewolf/.m2/repository/org/glassfish/hk2/external/aopalliance-repackaged/2.5.0-b42/aopalliance-repackaged-2.5.0-b42.jar:/Users/davewolf/.m2/repository/com/amazonaws/aws-lambda-java-events/1.3.0/aws-lambda-java-events-1.3.0.jar:/Users/davewolf/.m2/repository/com/amazonaws/aws-java-sdk-s3/1.11.338/aws-java-sdk-s3-1.11.338.jar:/Users/davewolf/.m2/repository/com/amazonaws/aws-java-sdk-kms/1.11.338/aws-java-sdk-kms-1.11.338.jar:/Users/davewolf/.m2/repository/com/amazonaws/aws-java-sdk-core/1.11.338/aws-java-sdk-core-1.11.338.jar:/Users/davewolf/.m2/repository/commons-logging/commons-logging/1.1.3/commons-logging-1.1.3.jar:/Users/davewolf/.m2/repository/org/apache/httpcomponents/httpclient/4.5.5/httpclient-4.5.5.jar:/Users/davewolf/.m2/repository/org/apache/httpcomponents/httpcore/4.4.9/httpcore-4.4.9.jar:/Users/davewolf/.m2/repository/commons-codec/commons-codec/1.10/commons-codec-1.10.jar:/Users/davewolf/.m2/repository/software/amazon/ion/ion-java/1.0.2/ion-java-1.0.2.jar:/Users/davewolf/.m2/repository/com/fasterxml/jackson/dataformat/jackson-dataformat-cbor/2.6.7/jackson-dataformat-cbor-2.6.7.jar:/Users/davewolf/.m2/repository/joda-time/joda-time/2.8.1/joda-time-2.8.1.jar:/Users/davewolf/.m2/repository/com/amazonaws/jmespath-java/1.11.338/jmespath-java-1.11.338.jar:/Users/davewolf/.m2/repository/com/amazonaws/aws-java-sdk-sns/1.11.338/aws-java-sdk-sns-1.11.338.jar:/Users/davewolf/.m2/repository/com/amazonaws/aws-java-sdk-sqs/1.11.338/aws-java-sdk-sqs-1.11.338.jar:/Users/davewolf/.m2/repository/com/amazonaws/aws-java-sdk-cognitoidentity/1.11.338/aws-java-sdk-cognitoidentity-1.11.338.jar:/Users/davewolf/.m2/repository/com/amazonaws/aws-java-sdk-kinesis/1.11.338/aws-java-sdk-kinesis-1.11.338.jar:/Users/davewolf/.m2/repository/com/amazonaws/aws-java-sdk-dynamodb/1.11.338/aws-java-sdk-dynamodb-1.11.338.jar:/Users/davewolf/.m2/repository/com/amazonaws/aws-lambda-java-core/1.2.0/aws-lambda-java-core-1.2.0.jar:/Users/davewolf/.m2/repository/org/hibernate/validator/hibernate-validator/6.0.5.Final/hibernate-validator-6.0.5.Final.jar:/Users/davewolf/.m2/repository/javax/validation/validation-api/2.0.0.Final/validation-api-2.0.0.Final.jar:/Users/davewolf/.m2/repository/org/jboss/logging/jboss-logging/3.3.0.Final/jboss-logging-3.3.0.Final.jar:/Users/davewolf/.m2/repository/com/fasterxml/classmate/1.3.1/classmate-1.3.1.jar:/Users/davewolf/.m2/repository/org/glassfish/javax.el/3.0.1-b09/javax.el-3.0.1-b09.jar:/Users/davewolf/.m2/repository/org/hibernate/validator/hibernate-validator-cdi/6.0.10.Final/hibernate-validator-cdi-6.0.10.Final.jar:/Users/davewolf/.m2/repository/com/fasterxml/jackson/core/jackson-databind/2.9.4/jackson-databind-2.9.4.jar:/Users/davewolf/.m2/repository/com/fasterxml/jackson/core/jackson-core/2.9.4/jackson-core-2.9.4.jar:/Users/davewolf/.m2/repository/junit/junit/4.12/junit-4.12.jar:/Users/davewolf/.m2/repository/org/hamcrest/hamcrest-core/1.3/hamcrest-core-1.3.jar:/Users/davewolf/.m2/repository/org/hamcrest/hamcrest-library/1.3/hamcrest-library-1.3.jar:/Users/davewolf/.m2/repository/org/projectlombok/lombok/1.16.18/lombok-1.16.18.jar:"/>
    <property name="sun.cpu.endian" value="little"/>
    <property name="user.home" value="/Users/davewolf"/>
    <property name="user.language" value="en"/>
    <property name="java.specification.vendor" value="Oracle Corporation"/>
    <property name="java.home" value="/Library/Java/JavaVirtualMachines/jdk1.8.0_162.jdk/Contents/Home/jre"/>
    <property name="basedir" value="/Users/davewolf/Development/projects/ssdh-account"/>
    <property name="file.separator" value="/"/>
    <property name="line.separator" value="&#10;"/>
    <property name="java.vm.specification.vendor" value="Oracle Corporation"/>
    <property name="java.specification.name" value="Java Platform API Specification"/>
    <property name="java.awt.graphicsenv" value="sun.awt.CGraphicsEnvironment"/>
    <property name="surefire.real.class.path" value="/Users/davewolf/Development/projects/ssdh-account/target/surefire/surefirebooter7228721613172585652.jar"/>
    <property name="sun.boot.class.path" value="/Library/Java/JavaVirtualMachines/jdk1.8.0_162.jdk/Contents/Home/jre/lib/resources.jar:/Library/Java/JavaVirtualMachines/jdk1.8.0_162.jdk/Contents/Home/jre/lib/rt.jar:/Library/Java/JavaVirtualMachines/jdk1.8.0_162.jdk/Contents/Home/jre/lib/sunrsasign.jar:/Library/Java/JavaVirtualMachines/jdk1.8.0_162.jdk/Contents/Home/jre/lib/jsse.jar:/Library/Java/JavaVirtualMachines/jdk1.8.0_162.jdk/Contents/Home/jre/lib/jce.jar:/Library/Java/JavaVirtualMachines/jdk1.8.0_162.jdk/Contents/Home/jre/lib/charsets.jar:/Library/Java/JavaVirtualMachines/jdk1.8.0_162.jdk/Contents/Home/jre/lib/jfr.jar:/Library/Java/JavaVirtualMachines/jdk1.8.0_162.jdk/Contents/Home/jre/classes"/>
    <property name="sun.management.compiler" value="HotSpot 64-Bit Tiered Compilers"/>
    <property name="ftp.nonProxyHosts" value="local|*.local|169.254/16|*.169.254/16"/>
    <property name="java.runtime.version" value="1.8.0_162-b12"/>
    <property name="testOutputDirectory" value="/Users/davewolf/Development/projects/ssdh-account/target/test-classes"/>
    <property name="user.name" value="davewolf"/>
    <property name="path.separator" value=":"/>
    <property name="os.version" value="10.13.4"/>
    <property name="java.endorsed.dirs" value="/Library/Java/JavaVirtualMachines/jdk1.8.0_162.jdk/Contents/Home/jre/lib/endorsed"/>
    <property name="java.runtime.name" value="Java(TM) SE Runtime Environment"/>
    <property name="file.encoding" value="UTF-8"/>
    <property name="java.vm.name" value="Java HotSpot(TM) 64-Bit Server VM"/>
    <property name="localRepository" value="/Users/davewolf/.m2/repository"/>
    <property name="java.vendor.url.bug" value="http://bugreport.sun.com/bugreport/"/>
    <property name="java.io.tmpdir" value="/var/folders/b_/85_vl4s16yvgz_n41jjcz33c0000gn/T/"/>
    <property name="java.version" value="1.8.0_162"/>
    <property name="user.dir" value="/Users/davewolf/Development/projects/ssdh-account"/>
    <property name="os.arch" value="x86_64"/>
    <property name="java.vm.specification.name" value="Java Virtual Machine Specification"/>
    <property name="java.awt.printerjob" value="sun.lwawt.macosx.CPrinterJob"/>
    <property name="projectArtifactId" value="account"/>
    <property name="sun.os.patch.level" value="unknown"/>
    <property name="java.library.path" value="/Users/davewolf/Library/Java/Extensions:/Library/Java/Extensions:/Network/Library/Java/Extensions:/System/Library/Java/Extensions:/usr/lib/java:."/>
    <property name="java.vm.info" value="mixed mode"/>
    <property name="java.vendor" value="Oracle Corporation"/>
    <property name="java.vm.version" value="25.162-b12"/>
    <property name="java.ext.dirs" value="/Users/davewolf/Library/Java/Extensions:/Library/Java/JavaVirtualMachines/jdk1.8.0_162.jdk/Contents/Home/jre/lib/ext:/Library/Java/Extensions:/Network/Library/Java/Extensions:/System/Library/Java/Extensions:/usr/lib/java"/>
    <property name="sun.io.unicode.encoding" value="UnicodeBig"/>
    <property name="java.class.version" value="52.0"/>
    <property name="socksNonProxyHosts" value="local|*.local|169.254/16|*.169.254/16"/>
  </properties>
  <testcase name="test_type" classname="com.metageek.ssdh.account.model.UserCredentialTest" time="0.38"/>
  <testcase name="test_validateStrongPassword" classname="com.metageek.ssdh.account.model.UserCredentialTest" time="0.109"/>
  <testcase name="test_validateNullPassword" classname="com.metageek.ssdh.account.model.UserCredentialTest" time="0.035"/>
  <testcase name="test_instantiation" classname="com.metageek.ssdh.account.model.UserCredentialTest" time="0.006"/>
  <testcase name="test_validateSimplePassword" classname="com.metageek.ssdh.account.model.UserCredentialTest" time="0.021"/>
  <testcase name="test_validateInvalidUserName" classname="com.metageek.ssdh.account.model.UserCredentialTest" time="0.015"/>
  <testcase name="test_validateValidUserName" classname="com.metageek.ssdh.account.model.UserCredentialTest" time="0.012"/>
  <testcase name="test_validateShortUserName" classname="com.metageek.ssdh.account.model.UserCredentialTest" time="0.011"/>
</testsuite>